<?xml version="1.0" encoding="UTF-8"?>
<!-- Generated by org.testng.reporters.JUnitXMLReporter -->
<testsuite ignored="1" hostname="2016-smalldisk" failures="1" tests="1" name="Edge Login Test(failed)" time="7.14" errors="0" timestamp="2025-07-14T07:51:50 UTC">
  <testcase classname="com.cgi.test.LoginUITest" name="titleTest" time="0.052">
    <failure type="java.lang.AssertionError" message="expected [OrangeHRM123] but found [OrangeHRM]">
      <![CDATA[java.lang.AssertionError: expected [OrangeHRM123] but found [OrangeHRM]
at com.cgi.test.LoginUITest.titleTest(LoginUITest.java:14)
at java.base/java.util.ArrayList.forEach(ArrayList.java:1596)
... Removed 31 stack frames]]>
    </failure>
  </testcase> <!-- titleTest -->
  <testcase classname="com.cgi.test.LoginUITest" name="headerTest" time="0.0">
    <ignored/>
  </testcase> <!-- headerTest -->
</testsuite> <!-- Edge Login Test(failed) -->
