<?xml version="1.0" encoding="UTF-8"?>
<!-- Generated by org.testng.reporters.JUnitXMLReporter -->
<testsuite ignored="0" hostname="2016-smalldisk" failures="0" tests="8" name="Surefire test" time="47.485" errors="0" timestamp="2025-07-14T05:19:34 UTC">
  <testcase classname="com.cgi.test.LoginTest" name="invalidLoginTest" time="3.699"/>
  <testcase classname="com.cgi.test.LoginTest" name="invalidLoginTest" time="2.405"/>
  <testcase classname="com.cgi.test.LoginTest" name="validLoginTest" time="2.971"/>
  <testcase classname="com.cgi.test.LoginUITest" name="headerTest" time="0.547"/>
  <testcase classname="com.cgi.test.LoginUITest" name="titleTest" time="0.024"/>
  <testcase classname="com.cgi.test.ZDemo1Test" name="validTest" time="0.004"/>
  <testcase classname="com.cgi.test.ZDemo1Test" name="validTest" time="0.001"/>
  <testcase classname="com.cgi.test.ZDemo1Test" name="validTest" time="0.006"/>
</testsuite> <!-- Surefire test -->
