<?xml version="1.0" encoding="UTF-8"?>
<!-- Generated by org.testng.reporters.JUnitXMLReporter -->
<testsuite ignored="1" hostname="2016-smalldisk" failures="0" tests="1" name="Default test" time="12.079" errors="0" timestamp="2025-07-14T07:46:53 UTC">
  <testcase classname="com.cgi.test.LoginTest" name="validLoginTest" time="3.013"/>
  <testcase classname="com.cgi.test.LoginTest" name="invalidLoginTest" time="0.0">
    <ignored/>
  </testcase> <!-- invalidLoginTest -->
</testsuite> <!-- Default test -->
