<?xml version="1.0" encoding="UTF-8"?>
<!-- Generated by org.testng.reporters.JUnitXMLReporter -->
<testsuite ignored="1" hostname="2016-smalldisk" failures="0" tests="1" name="Default test" time="304.355" errors="0" timestamp="2025-07-11T05:42:47 UTC">
  <testcase classname="com.cgi.test.LoginTest" name="validLoginTest" time="244.19"/>
  <testcase classname="com.cgi.test.LoginTest" name="invalidLoginTest" time="0.0">
    <ignored/>
  </testcase> <!-- invalidLoginTest -->
</testsuite> <!-- Default test -->
