<?xml version="1.0" encoding="UTF-8"?>
<!-- Generated by org.testng.reporters.JUnitXMLReporter -->
<testsuite ignored="3" hostname="2016-smalldisk" failures="1" tests="2" name="Edge Login Test" time="18.207" errors="0" timestamp="2025-07-14T07:50:29 UTC">
  <testcase classname="com.cgi.test.LoginUITest" name="titleTest" time="0.043">
    <failure type="java.lang.AssertionError" message="expected [OrangeHRM123] but found [OrangeHRM]">
      <![CDATA[java.lang.AssertionError: expected [OrangeHRM123] but found [OrangeHRM]
at com.cgi.test.LoginUITest.titleTest(LoginUITest.java:14)
at java.base/java.util.ArrayList.forEach(ArrayList.java:1596)
... Removed 31 stack frames]]>
    </failure>
  </testcase> <!-- titleTest -->
  <testcase classname="com.cgi.test.LoginTest" name="validLoginTest" time="3.16"/>
  <testcase classname="com.cgi.test.LoginUITest" name="headerTest" time="0.0">
    <ignored/>
  </testcase> <!-- headerTest -->
  <testcase classname="com.cgi.test.LoginTest" name="invalidLoginTest" time="0.0">
    <ignored/>
  </testcase> <!-- invalidLoginTest -->
  <testcase classname="com.cgi.test.EmployeeTest" name="addValidEmployeeTest" time="0.0">
    <ignored/>
  </testcase> <!-- addValidEmployeeTest -->
</testsuite> <!-- Edge Login Test -->
