<?xml version="1.0" encoding="UTF-8"?>
<testsuite xmlns:xsi="http://www.w3.org/2001/XMLSchema-instance" xsi:noNamespaceSchemaLocation="https://maven.apache.org/surefire/maven-surefire-plugin/xsd/surefire-test-report-3.0.xsd" version="3.0" name="TestSuite" time="48.873" tests="8" errors="0" skipped="0" failures="0">
  <properties>
[...]
</properties>
  <testcase name="invalidLoginTest[saul, saul123, Invalid credential](1)" classname="com.cgi.test.LoginTest" time="3.699">
    <system-err><![CDATA[SLF4J(W): No SLF4J providers were found.
SLF4J(W): Defaulting to no-operation (NOP) logger implementation
SLF4J(W): See https://www.slf4j.org/codes.html#noProviders for further details.
Jul 14, 2025 5:18:58 AM org.openqa.selenium.devtools.CdpVersionFinder findNearestMatch
WARNING: Unable to find an exact match for CDP version 138, returning the closest version; found: 137; Please update to a Selenium version that supports CDP version 138
]]></system-err>
  </testcase>
  <testcase name="invalidLoginTest[peter, peter, Invalid credential](2)" classname="com.cgi.test.LoginTest" time="2.411">
    <system-err><![CDATA[Jul 14, 2025 5:19:07 AM org.openqa.selenium.devtools.CdpVersionFinder findNearestMatch
WARNING: Unable to find an exact match for CDP version 138, returning the closest version; found: 137; Please update to a Selenium version that supports CDP version 138
]]></system-err>
  </testcase>
  <testcase name="validLoginTest" classname="com.cgi.test.LoginTest" time="2.99">
    <system-err><![CDATA[Jul 14, 2025 5:19:15 AM org.openqa.selenium.devtools.CdpVersionFinder findNearestMatch
WARNING: Unable to find an exact match for CDP version 138, returning the closest version; found: 137; Please update to a Selenium version that supports CDP version 138
]]></system-err>
  </testcase>
  <testcase name="headerTest" classname="com.cgi.test.LoginUITest" time="0.545">
    <system-err><![CDATA[Jul 14, 2025 5:19:23 AM org.openqa.selenium.devtools.CdpVersionFinder findNearestMatch
WARNING: Unable to find an exact match for CDP version 138, returning the closest version; found: 137; Please update to a Selenium version that supports CDP version 138
]]></system-err>
  </testcase>
  <testcase name="titleTest" classname="com.cgi.test.LoginUITest" time="0.038">
    <system-err><![CDATA[Jul 14, 2025 5:19:29 AM org.openqa.selenium.devtools.CdpVersionFinder findNearestMatch
WARNING: Unable to find an exact match for CDP version 138, returning the closest version; found: 137; Please update to a Selenium version that supports CDP version 138
]]></system-err>
  </testcase>
  <testcase name="validTest[peter, peter123](1)" classname="com.cgi.test.ZDemo1Test" time="0.009">
    <system-out><![CDATA[valid testpeterpeter123
]]></system-out>
  </testcase>
  <testcase name="validTest[john, john123](2)" classname="com.cgi.test.ZDemo1Test" time="0.001">
    <system-out><![CDATA[valid testjohnjohn123
]]></system-out>
  </testcase>
  <testcase name="validTest[kinh, kim123](3)" classname="com.cgi.test.ZDemo1Test" time="0.002">
    <system-out><![CDATA[valid testkinhkim123
]]></system-out>
  </testcase>
</testsuite>