<?xml version="1.0" encoding="UTF-8"?>
<testng-results ignored="0" total="2" passed="2" failed="0" skipped="0">
  <reporter-output>
  </reporter-output>
  <suite started-at="2025-07-18T12:45:58 IST" name="Orange Suite" finished-at="2025-07-18T12:46:09 IST" duration-ms="11088">
    <groups>
      <group name="regression">
        <method signature="LoginUITest.headerTest()[pri:0, instance:com.cgi.test.LoginUITest@6572421]" name="headerTest" class="com.cgi.test.LoginUITest"/>
        <method signature="LoginUITest.titleTest()[pri:0, instance:com.cgi.test.LoginUITest@6572421]" name="titleTest" class="com.cgi.test.LoginUITest"/>
      </group> <!-- regression -->
      <group name="smoke">
        <method signature="LoginUITest.titleTest()[pri:0, instance:com.cgi.test.LoginUITest@6572421]" name="titleTest" class="com.cgi.test.LoginUITest"/>
      </group> <!-- smoke -->
      <group name="sanity">
        <method signature="LoginUITest.headerTest()[pri:0, instance:com.cgi.test.LoginUITest@6572421]" name="headerTest" class="com.cgi.test.LoginUITest"/>
      </group> <!-- sanity -->
    </groups>
    <test started-at="2025-07-18T12:45:58 IST" name="Edge Login Test" finished-at="2025-07-18T12:46:09 IST" duration-ms="11088">
      <class name="com.cgi.test.LoginUITest">
        <test-method is-config="true" signature="init()[pri:0, instance:com.cgi.test.LoginUITest@6572421]" started-at="2025-07-18T12:45:57 IST" name="init" finished-at="2025-07-18T12:45:58 IST" duration-ms="224" status="PASS">
          <reporter-output>
          </reporter-output>
        </test-method> <!-- init -->
        <test-method is-config="true" signature="setup(java.lang.String,java.lang.reflect.Method)[pri:0, instance:com.cgi.test.LoginUITest@6572421]" started-at="2025-07-18T12:45:58 IST" name="setup" finished-at="2025-07-18T12:46:03 IST" duration-ms="5300" status="PASS">
          <params>
            <param index="0">
              <value>
                <![CDATA[edge]]>
              </value>
            </param>
            <param index="1">
              <value>
                <![CDATA[public void com.cgi.test.LoginUITest.headerTest()]]>
              </value>
            </param>
          </params>
          <reporter-output>
          </reporter-output>
        </test-method> <!-- setup -->
        <test-method signature="headerTest()[pri:0, instance:com.cgi.test.LoginUITest@6572421]" started-at="2025-07-18T12:46:03 IST" name="headerTest" finished-at="2025-07-18T12:46:03 IST" duration-ms="457" status="PASS">
          <reporter-output>
          </reporter-output>
        </test-method> <!-- headerTest -->
        <test-method is-config="true" signature="teardown(org.testng.ITestResult)[pri:0, instance:com.cgi.test.LoginUITest@6572421]" started-at="2025-07-18T12:46:03 IST" name="teardown" finished-at="2025-07-18T12:46:04 IST" duration-ms="322" status="PASS">
          <params>
            <param index="0">
              <value>
                <![CDATA[[TestResult name=headerTest status=SUCCESS method=LoginUITest.headerTest()[pri:0, instance:com.cgi.test.LoginUITest@6572421] output={null}]]]>
              </value>
            </param>
          </params>
          <reporter-output>
          </reporter-output>
        </test-method> <!-- teardown -->
        <test-method is-config="true" signature="setup(java.lang.String,java.lang.reflect.Method)[pri:0, instance:com.cgi.test.LoginUITest@6572421]" started-at="2025-07-18T12:46:04 IST" name="setup" finished-at="2025-07-18T12:46:08 IST" duration-ms="4597" status="PASS">
          <params>
            <param index="0">
              <value>
                <![CDATA[edge]]>
              </value>
            </param>
            <param index="1">
              <value>
                <![CDATA[public void com.cgi.test.LoginUITest.titleTest()]]>
              </value>
            </param>
          </params>
          <reporter-output>
          </reporter-output>
        </test-method> <!-- setup -->
        <test-method signature="titleTest()[pri:0, instance:com.cgi.test.LoginUITest@6572421]" started-at="2025-07-18T12:46:08 IST" name="titleTest" finished-at="2025-07-18T12:46:08 IST" duration-ms="16" status="PASS">
          <reporter-output>
          </reporter-output>
        </test-method> <!-- titleTest -->
        <test-method is-config="true" signature="teardown(org.testng.ITestResult)[pri:0, instance:com.cgi.test.LoginUITest@6572421]" started-at="2025-07-18T12:46:08 IST" name="teardown" finished-at="2025-07-18T12:46:09 IST" duration-ms="351" status="PASS">
          <params>
            <param index="0">
              <value>
                <![CDATA[[TestResult name=titleTest status=SUCCESS method=LoginUITest.titleTest()[pri:0, instance:com.cgi.test.LoginUITest@6572421] output={null}]]]>
              </value>
            </param>
          </params>
          <reporter-output>
          </reporter-output>
        </test-method> <!-- teardown -->
        <test-method is-config="true" signature="end()[pri:0, instance:com.cgi.test.LoginUITest@6572421]" started-at="2025-07-18T12:46:09 IST" name="end" finished-at="2025-07-18T12:46:09 IST" duration-ms="507" status="PASS">
          <reporter-output>
          </reporter-output>
        </test-method> <!-- end -->
      </class> <!-- com.cgi.test.LoginUITest -->
    </test> <!-- Edge Login Test -->
  </suite> <!-- Orange Suite -->
</testng-results>
