<?xml version="1.0" encoding="UTF-8"?>
<testng-results ignored="0" total="1" passed="1" failed="0" skipped="0">
  <reporter-output>
  </reporter-output>
  <suite started-at="2025-07-10T07:05:42 UTC" name="Default suite" finished-at="2025-07-10T07:05:53 UTC" duration-ms="10877">
    <groups>
    </groups>
    <test started-at="2025-07-10T07:05:42 UTC" name="Default test" finished-at="2025-07-10T07:05:53 UTC" duration-ms="10877">
      <class name="com.cgi.test.LoginTest">
        <test-method is-config="true" signature="setup()[pri:0, instance:com.cgi.test.LoginTest@55141def]" started-at="2025-07-10T07:05:42 UTC" name="setup" finished-at="2025-07-10T07:05:48 UTC" duration-ms="5117" status="PASS">
          <reporter-output>
          </reporter-output>
        </test-method> <!-- setup -->
        <test-method signature="validLoginTest()[pri:0, instance:com.cgi.test.LoginTest@55141def]" started-at="2025-07-10T07:05:48 UTC" name="validLoginTest" finished-at="2025-07-10T07:05:53 UTC" duration-ms="5211" status="PASS">
          <reporter-output>
          </reporter-output>
        </test-method> <!-- validLoginTest -->
        <test-method is-config="true" signature="teardown()[pri:0, instance:com.cgi.test.LoginTest@55141def]" started-at="2025-07-10T07:05:53 UTC" name="teardown" finished-at="2025-07-10T07:05:53 UTC" duration-ms="437" status="PASS">
          <reporter-output>
          </reporter-output>
        </test-method> <!-- teardown -->
      </class> <!-- com.cgi.test.LoginTest -->
    </test> <!-- Default test -->
  </suite> <!-- Default suite -->
</testng-results>
