<?xml version="1.0" encoding="UTF-8"?>
<testng-results ignored="1" total="2" passed="0" failed="1" skipped="0">
  <reporter-output>
  </reporter-output>
  <suite started-at="2025-07-14T07:51:43 UTC" name="Failed suite [Orange Suite]" finished-at="2025-07-14T07:51:50 UTC" duration-ms="7140">
    <groups>
      <group name="UI">
        <method signature="LoginUITest.titleTest()[pri:0, instance:com.cgi.test.LoginUITest@30c15d8b]" name="titleTest" class="com.cgi.test.LoginUITest"/>
      </group> <!-- UI -->
      <group name="smoke">
        <method signature="LoginUITest.titleTest()[pri:0, instance:com.cgi.test.LoginUITest@30c15d8b]" name="titleTest" class="com.cgi.test.LoginUITest"/>
      </group> <!-- smoke -->
    </groups>
    <test started-at="2025-07-14T07:51:43 UTC" name="Edge Login Test(failed)" finished-at="2025-07-14T07:51:50 UTC" duration-ms="7140">
      <class name="com.cgi.test.LoginUITest">
        <test-method is-config="true" signature="setup(java.lang.String)[pri:0, instance:com.cgi.test.LoginUITest@30c15d8b]" started-at="2025-07-14T07:51:43 UTC" name="setup" finished-at="2025-07-14T07:51:50 UTC" duration-ms="6615" status="PASS">
          <params>
            <param index="0">
              <value>
                <![CDATA[edge]]>
              </value>
            </param>
          </params>
          <reporter-output>
          </reporter-output>
        </test-method> <!-- setup -->
        <test-method signature="titleTest()[pri:0, instance:com.cgi.test.LoginUITest@30c15d8b]" started-at="2025-07-14T07:51:50 UTC" name="titleTest" finished-at="2025-07-14T07:51:50 UTC" duration-ms="52" status="FAIL">
          <exception class="java.lang.AssertionError">
            <message>
              <![CDATA[expected [OrangeHRM123] but found [OrangeHRM]]]>
            </message>
            <full-stacktrace>
              <![CDATA[java.lang.AssertionError: expected [OrangeHRM123] but found [OrangeHRM]
at org.testng.Assert.fail(Assert.java:111)
at org.testng.Assert.failNotEquals(Assert.java:1590)
at org.testng.Assert.assertEqualsImpl(Assert.java:150)
at org.testng.Assert.assertEquals(Assert.java:132)
at org.testng.Assert.assertEquals(Assert.java:656)
at org.testng.Assert.assertEquals(Assert.java:666)
at com.cgi.test.LoginUITest.titleTest(LoginUITest.java:14)
at java.base/jdk.internal.reflect.DirectMethodHandleAccessor.invoke(DirectMethodHandleAccessor.java:103)
at java.base/java.lang.reflect.Method.invoke(Method.java:580)
at org.testng.internal.invokers.MethodInvocationHelper.invokeMethod(MethodInvocationHelper.java:141)
at org.testng.internal.invokers.TestInvoker.invokeMethod(TestInvoker.java:687)
at org.testng.internal.invokers.TestInvoker.invokeTestMethod(TestInvoker.java:230)
at org.testng.internal.invokers.MethodRunner.runInSequence(MethodRunner.java:63)
at org.testng.internal.invokers.TestInvoker$MethodInvocationAgent.invoke(TestInvoker.java:995)
at org.testng.internal.invokers.TestInvoker.invokeTestMethods(TestInvoker.java:203)
at org.testng.internal.invokers.TestMethodWorker.invokeTestMethods(TestMethodWorker.java:154)
at org.testng.internal.invokers.TestMethodWorker.run(TestMethodWorker.java:134)
at java.base/java.util.ArrayList.forEach(ArrayList.java:1596)
at org.testng.TestRunner.privateRun(TestRunner.java:741)
at org.testng.TestRunner.run(TestRunner.java:616)
at org.testng.SuiteRunner.runTest(SuiteRunner.java:421)
at org.testng.SuiteRunner.runSequentially(SuiteRunner.java:413)
at org.testng.SuiteRunner.privateRun(SuiteRunner.java:373)
at org.testng.SuiteRunner.run(SuiteRunner.java:312)
at org.testng.SuiteRunnerWorker.runSuite(SuiteRunnerWorker.java:52)
at org.testng.SuiteRunnerWorker.run(SuiteRunnerWorker.java:95)
at org.testng.TestNG.runSuitesSequentially(TestNG.java:1274)
at org.testng.TestNG.runSuitesLocally(TestNG.java:1208)
at org.testng.TestNG.runSuites(TestNG.java:1112)
at org.testng.TestNG.run(TestNG.java:1079)
at org.testng.remote.AbstractRemoteTestNG.run(AbstractRemoteTestNG.java:115)
at org.testng.remote.RemoteTestNG.initAndRun(RemoteTestNG.java:293)
at org.testng.remote.RemoteTestNG.main(RemoteTestNG.java:91)
]]>
            </full-stacktrace>
          </exception> <!-- java.lang.AssertionError -->
          <reporter-output>
          </reporter-output>
        </test-method> <!-- titleTest -->
        <test-method is-config="true" signature="teardown()[pri:0, instance:com.cgi.test.LoginUITest@30c15d8b]" started-at="2025-07-14T07:51:50 UTC" name="teardown" finished-at="2025-07-14T07:51:50 UTC" duration-ms="352" status="PASS">
          <reporter-output>
          </reporter-output>
        </test-method> <!-- teardown -->
      </class> <!-- com.cgi.test.LoginUITest -->
    </test> <!-- Edge Login Test(failed) -->
  </suite> <!-- Failed suite [Orange Suite] -->
</testng-results>
